2dmoblie2/Library/Bee/Android/Prj/IL2CPP/Gradle/launcher/build/intermediates/manifest_merge_blame_file/release/manifest-merger-blame-release-report.txt
1<?xml version="1.0" encoding="utf-8"?>
2<manifest xmlns:android="http://schemas.android.com/apk/res/android"
3    package="com.com.Kim.SBSGame.Game2d"
4    android:installLocation="preferExternal"
5    android:versionCode="1"
6    android:versionName="1.0" >
7
8    <uses-sdk
9        android:minSdkVersion="22"
9-->src\main\AndroidManifest.xml
10        android:targetSdkVersion="30" />
10-->src\main\AndroidManifest.xml
11
12    <supports-screens
12-->src\main\AndroidManifest.xml:3:3-163
13        android:anyDensity="true"
13-->src\main\AndroidManifest.xml:3:135-160
14        android:largeScreens="true"
14-->src\main\AndroidManifest.xml:3:78-105
15        android:normalScreens="true"
15-->src\main\AndroidManifest.xml:3:49-77
16        android:smallScreens="true"
16-->src\main\AndroidManifest.xml:3:21-48
17        android:xlargeScreens="true" />
17-->src\main\AndroidManifest.xml:3:106-134
18
19    <uses-feature android:glEsVersion="0x00020000" />
19-->[:unityLibrary] AndroidManifest.xml:12:5-54
19-->[:unityLibrary] AndroidManifest.xml:12:19-51
20    <uses-feature
20-->[:unityLibrary] AndroidManifest.xml:13:5-15:36
21        android:name="android.hardware.touchscreen"
21-->[:unityLibrary] AndroidManifest.xml:14:9-52
22        android:required="false" />
22-->[:unityLibrary] AndroidManifest.xml:15:9-33
23
24    <uses-permission android:name="android.permission.VIBRATE" />
24-->[:simple-android-notifications:] AndroidManifest.xml:7:2-63
24-->[:simple-android-notifications:] AndroidManifest.xml:7:19-60
25
26    <application
26-->src\main\AndroidManifest.xml:4:3-83
27        android:extractNativeLibs="true"
27-->[:unityLibrary] AndroidManifest.xml:17:18-50
28        android:icon="@mipmap/app_icon"
28-->src\main\AndroidManifest.xml:4:49-80
29        android:label="@string/app_name"
29-->src\main\AndroidManifest.xml:4:16-48
30        android:largeHeap="true" >
30-->[:simple-android-notifications:] AndroidManifest.xml:9:18-42
31        <activity
31-->[:unityLibrary] AndroidManifest.xml:18:9-38:20
32            android:name="com.unity3d.player.UnityPlayerActivity"
32-->[:unityLibrary] AndroidManifest.xml:19:13-66
33            android:configChanges="mcc|mnc|locale|touchscreen|keyboard|keyboardHidden|navigation|orientation|screenLayout|uiMode|screenSize|smallestScreenSize|fontScale|layoutDirection|density"
33-->[:unityLibrary] AndroidManifest.xml:20:13-194
34            android:hardwareAccelerated="false"
34-->[:unityLibrary] AndroidManifest.xml:21:13-48
35            android:launchMode="singleTask"
35-->[:unityLibrary] AndroidManifest.xml:22:13-44
36            android:resizeableActivity="false"
36-->[:unityLibrary] AndroidManifest.xml:23:13-47
37            android:screenOrientation="fullUser"
37-->[:unityLibrary] AndroidManifest.xml:24:13-49
38            android:theme="@style/UnityThemeSelector" >
38-->[:unityLibrary] AndroidManifest.xml:25:13-54
39            <intent-filter>
39-->[:unityLibrary] AndroidManifest.xml:26:13-30:29
40                <action android:name="android.intent.action.MAIN" />
40-->[:unityLibrary] AndroidManifest.xml:27:17-69
40-->[:unityLibrary] AndroidManifest.xml:27:25-66
41
42                <category android:name="android.intent.category.LAUNCHER" />
42-->[:unityLibrary] AndroidManifest.xml:29:17-77
42-->[:unityLibrary] AndroidManifest.xml:29:27-74
43            </intent-filter>
44
45            <meta-data
45-->[:unityLibrary] AndroidManifest.xml:32:13-34:40
46                android:name="unityplayer.UnityActivity"
46-->[:unityLibrary] AndroidManifest.xml:33:17-57
47                android:value="true" />
47-->[:unityLibrary] AndroidManifest.xml:34:17-37
48            <meta-data
48-->[:unityLibrary] AndroidManifest.xml:35:13-37:40
49                android:name="android.notch_support"
49-->[:unityLibrary] AndroidManifest.xml:36:17-53
50                android:value="true" />
50-->[:unityLibrary] AndroidManifest.xml:37:17-37
51        </activity>
52
53        <meta-data
53-->[:unityLibrary] AndroidManifest.xml:40:9-42:33
54            android:name="unity.splash-mode"
54-->[:unityLibrary] AndroidManifest.xml:41:13-45
55            android:value="0" />
55-->[:unityLibrary] AndroidManifest.xml:42:13-30
56        <meta-data
56-->[:unityLibrary] AndroidManifest.xml:43:9-45:36
57            android:name="unity.splash-enable"
57-->[:unityLibrary] AndroidManifest.xml:44:13-47
58            android:value="True" />
58-->[:unityLibrary] AndroidManifest.xml:45:13-33
59        <meta-data
59-->[:unityLibrary] AndroidManifest.xml:46:9-48:36
60            android:name="unity.launch-fullscreen"
60-->[:unityLibrary] AndroidManifest.xml:47:13-51
61            android:value="True" />
61-->[:unityLibrary] AndroidManifest.xml:48:13-33
62        <meta-data
62-->[:unityLibrary] AndroidManifest.xml:49:9-51:37
63            android:name="unity.allow-resizable-window"
63-->[:unityLibrary] AndroidManifest.xml:50:13-56
64            android:value="False" />
64-->[:unityLibrary] AndroidManifest.xml:51:13-34
65        <meta-data
65-->[:unityLibrary] AndroidManifest.xml:52:9-54:50
66            android:name="notch.config"
66-->[:unityLibrary] AndroidManifest.xml:53:13-40
67            android:value="portrait|landscape" />
67-->[:unityLibrary] AndroidManifest.xml:54:13-47
68
69        <receiver android:name="com.hippogames.simpleandroidnotifications.Controller" />
69-->[:simple-android-notifications:] AndroidManifest.xml:10:3-83
69-->[:simple-android-notifications:] AndroidManifest.xml:10:13-80
70    </application>
71
72</manifest>